2023-08-09 16:00:10,031 [File Watcher] INFO  org.springframework.boot.devtools.autoconfigure.LocalDevToolsAutoConfiguration$RestartingClassPathChangeChangedEventListener(onApplicationEvent:211) - Restarting due to 1 class path change (0 additions, 0 deletions, 1 modification)
2023-08-09 16:00:10,087 [Thread-370] INFO  org.springframework.orm.jpa.LocalContainerEntityManagerFactoryBean(destroy:650) - Closing JPA EntityManagerFactory for persistence unit 'default'
2023-08-09 16:00:10,557 [restartedMain] INFO  org.springframework.data.repository.config.RepositoryConfigurationDelegate(registerRepositoriesIn:138) - Bootstrapping Spring Data JPA repositories in DEFAULT mode.
2023-08-09 16:00:10,597 [restartedMain] INFO  org.springframework.data.repository.config.RepositoryConfigurationDelegate(registerRepositoriesIn:208) - Finished Spring Data repository scanning in 40 ms. Found 2 JPA repository interfaces.
2023-08-09 16:00:10,752 [restartedMain] INFO  org.springframework.boot.web.embedded.tomcat.TomcatWebServer(initialize:108) - Tomcat initialized with port(s): 8080 (http)
2023-08-09 16:00:10,788 [restartedMain] INFO  org.springframework.boot.web.servlet.context.ServletWebServerApplicationContext(prepareWebApplicationContext:291) - Root WebApplicationContext: initialization completed in 526 ms
2023-08-09 16:00:10,879 [restartedMain] INFO  org.springframework.orm.jpa.persistenceunit.SpringPersistenceUnitInfo(addTransformer:87) - No LoadTimeWeaver setup: ignoring JPA class transformer
2023-08-09 16:00:10,949 [restartedMain] INFO  org.springframework.orm.jpa.LocalContainerEntityManagerFactoryBean(buildNativeEntityManagerFactory:437) - Initialized JPA EntityManagerFactory for persistence unit 'default'
2023-08-09 16:00:11,096 [restartedMain] WARN  org.springframework.boot.autoconfigure.orm.jpa.JpaBaseConfiguration$JpaWebConfiguration(openEntityManagerInViewInterceptor:231) - spring.jpa.open-in-view is enabled by default. Therefore, database queries may be performed during view rendering. Explicitly configure spring.jpa.open-in-view to disable this warning
2023-08-09 16:00:11,276 [restartedMain] INFO  org.springframework.boot.devtools.autoconfigure.OptionalLiveReloadServer(startServer:59) - LiveReload server is running on port 35729
2023-08-09 16:00:11,300 [restartedMain] INFO  org.springframework.boot.web.embedded.tomcat.TomcatWebServer(start:220) - Tomcat started on port(s): 8080 (http) with context path ''
2023-08-09 16:00:11,313 [restartedMain] INFO  org.springframework.boot.devtools.autoconfigure.ConditionEvaluationDeltaLoggingListener(onApplicationEvent:63) - Condition evaluation unchanged
2023-08-09 16:00:11,418 [http-nio-8080-exec-1] INFO  org.springframework.web.servlet.DispatcherServlet(initServletBean:532) - Initializing Servlet 'dispatcherServlet'
2023-08-09 16:00:11,422 [http-nio-8080-exec-1] INFO  org.springframework.web.servlet.DispatcherServlet(initServletBean:554) - Completed initialization in 3 ms
2023-08-09 16:00:57,996 [File Watcher] INFO  org.springframework.boot.devtools.autoconfigure.LocalDevToolsAutoConfiguration$RestartingClassPathChangeChangedEventListener(onApplicationEvent:211) - Restarting due to 1 class path change (0 additions, 0 deletions, 1 modification)
2023-08-09 16:00:58,042 [Thread-374] INFO  org.springframework.orm.jpa.LocalContainerEntityManagerFactoryBean(destroy:650) - Closing JPA EntityManagerFactory for persistence unit 'default'
2023-08-09 16:00:58,341 [restartedMain] INFO  org.springframework.data.repository.config.RepositoryConfigurationDelegate(registerRepositoriesIn:138) - Bootstrapping Spring Data JPA repositories in DEFAULT mode.
2023-08-09 16:00:58,379 [restartedMain] INFO  org.springframework.data.repository.config.RepositoryConfigurationDelegate(registerRepositoriesIn:208) - Finished Spring Data repository scanning in 38 ms. Found 2 JPA repository interfaces.
2023-08-09 16:00:58,450 [restartedMain] INFO  org.springframework.boot.web.embedded.tomcat.TomcatWebServer(initialize:108) - Tomcat initialized with port(s): 8080 (http)
2023-08-09 16:00:58,476 [restartedMain] INFO  org.springframework.boot.web.servlet.context.ServletWebServerApplicationContext(prepareWebApplicationContext:291) - Root WebApplicationContext: initialization completed in 292 ms
2023-08-09 16:00:58,512 [restartedMain] INFO  org.springframework.orm.jpa.persistenceunit.SpringPersistenceUnitInfo(addTransformer:87) - No LoadTimeWeaver setup: ignoring JPA class transformer
2023-08-09 16:00:58,554 [restartedMain] INFO  org.springframework.orm.jpa.LocalContainerEntityManagerFactoryBean(buildNativeEntityManagerFactory:437) - Initialized JPA EntityManagerFactory for persistence unit 'default'
2023-08-09 16:00:58,629 [restartedMain] WARN  org.springframework.boot.autoconfigure.orm.jpa.JpaBaseConfiguration$JpaWebConfiguration(openEntityManagerInViewInterceptor:231) - spring.jpa.open-in-view is enabled by default. Therefore, database queries may be performed during view rendering. Explicitly configure spring.jpa.open-in-view to disable this warning
2023-08-09 16:00:58,707 [restartedMain] INFO  org.springframework.boot.devtools.autoconfigure.OptionalLiveReloadServer(startServer:59) - LiveReload server is running on port 35729
2023-08-09 16:00:58,719 [restartedMain] INFO  org.springframework.boot.web.embedded.tomcat.TomcatWebServer(start:220) - Tomcat started on port(s): 8080 (http) with context path ''
2023-08-09 16:00:58,726 [restartedMain] INFO  org.springframework.boot.devtools.autoconfigure.ConditionEvaluationDeltaLoggingListener(onApplicationEvent:63) - Condition evaluation unchanged
2023-08-09 16:08:39,094 [File Watcher] INFO  org.springframework.boot.devtools.autoconfigure.LocalDevToolsAutoConfiguration$RestartingClassPathChangeChangedEventListener(onApplicationEvent:211) - Restarting due to 1 class path change (0 additions, 0 deletions, 1 modification)
2023-08-09 16:08:39,131 [Thread-378] INFO  org.springframework.orm.jpa.LocalContainerEntityManagerFactoryBean(destroy:650) - Closing JPA EntityManagerFactory for persistence unit 'default'
2023-08-09 16:08:39,465 [restartedMain] INFO  org.springframework.data.repository.config.RepositoryConfigurationDelegate(registerRepositoriesIn:138) - Bootstrapping Spring Data JPA repositories in DEFAULT mode.
2023-08-09 16:08:39,491 [restartedMain] INFO  org.springframework.data.repository.config.RepositoryConfigurationDelegate(registerRepositoriesIn:208) - Finished Spring Data repository scanning in 25 ms. Found 2 JPA repository interfaces.
2023-08-09 16:08:39,579 [restartedMain] INFO  org.springframework.boot.web.embedded.tomcat.TomcatWebServer(initialize:108) - Tomcat initialized with port(s): 8080 (http)
2023-08-09 16:08:39,604 [restartedMain] INFO  org.springframework.boot.web.servlet.context.ServletWebServerApplicationContext(prepareWebApplicationContext:291) - Root WebApplicationContext: initialization completed in 345 ms
2023-08-09 16:08:39,645 [restartedMain] INFO  org.springframework.orm.jpa.persistenceunit.SpringPersistenceUnitInfo(addTransformer:87) - No LoadTimeWeaver setup: ignoring JPA class transformer
2023-08-09 16:08:39,688 [restartedMain] INFO  org.springframework.orm.jpa.LocalContainerEntityManagerFactoryBean(buildNativeEntityManagerFactory:437) - Initialized JPA EntityManagerFactory for persistence unit 'default'
2023-08-09 16:08:39,784 [restartedMain] WARN  org.springframework.boot.autoconfigure.orm.jpa.JpaBaseConfiguration$JpaWebConfiguration(openEntityManagerInViewInterceptor:231) - spring.jpa.open-in-view is enabled by default. Therefore, database queries may be performed during view rendering. Explicitly configure spring.jpa.open-in-view to disable this warning
2023-08-09 16:08:39,906 [restartedMain] INFO  org.springframework.boot.devtools.autoconfigure.OptionalLiveReloadServer(startServer:59) - LiveReload server is running on port 35729
2023-08-09 16:08:39,917 [restartedMain] INFO  org.springframework.boot.web.embedded.tomcat.TomcatWebServer(start:220) - Tomcat started on port(s): 8080 (http) with context path ''
2023-08-09 16:08:39,924 [restartedMain] INFO  org.springframework.boot.devtools.autoconfigure.ConditionEvaluationDeltaLoggingListener(onApplicationEvent:63) - Condition evaluation unchanged
2023-08-09 16:11:45,241 [http-nio-8080-exec-1] INFO  org.springframework.web.servlet.DispatcherServlet(initServletBean:532) - Initializing Servlet 'dispatcherServlet'
2023-08-09 16:11:45,241 [http-nio-8080-exec-1] INFO  org.springframework.web.servlet.DispatcherServlet(initServletBean:554) - Completed initialization in 0 ms
