2023-08-14 09:31:04,023 [File Watcher] INFO  org.springframework.boot.devtools.autoconfigure.LocalDevToolsAutoConfiguration$RestartingClassPathChangeChangedEventListener(onApplicationEvent:211) - Restarting due to 1 class path change (0 additions, 0 deletions, 1 modification)
2023-08-14 09:31:04,061 [Thread-46] INFO  org.springframework.orm.jpa.LocalContainerEntityManagerFactoryBean(destroy:650) - Closing JPA EntityManagerFactory for persistence unit 'default'
2023-08-14 09:31:04,451 [restartedMain] INFO  org.springframework.data.repository.config.RepositoryConfigurationDelegate(registerRepositoriesIn:138) - Bootstrapping Spring Data JPA repositories in DEFAULT mode.
2023-08-14 09:31:04,481 [restartedMain] INFO  org.springframework.data.repository.config.RepositoryConfigurationDelegate(registerRepositoriesIn:208) - Finished Spring Data repository scanning in 30 ms. Found 2 JPA repository interfaces.
2023-08-14 09:31:04,560 [restartedMain] INFO  org.springframework.boot.web.embedded.tomcat.TomcatWebServer(initialize:108) - Tomcat initialized with port(s): 8080 (http)
2023-08-14 09:31:04,586 [restartedMain] INFO  org.springframework.boot.web.servlet.context.ServletWebServerApplicationContext(prepareWebApplicationContext:291) - Root WebApplicationContext: initialization completed in 367 ms
2023-08-14 09:31:04,641 [restartedMain] INFO  org.springframework.orm.jpa.persistenceunit.SpringPersistenceUnitInfo(addTransformer:87) - No LoadTimeWeaver setup: ignoring JPA class transformer
2023-08-14 09:31:04,689 [restartedMain] INFO  org.springframework.orm.jpa.LocalContainerEntityManagerFactoryBean(buildNativeEntityManagerFactory:437) - Initialized JPA EntityManagerFactory for persistence unit 'default'
2023-08-14 09:31:04,696 [restartedMain] WARN  org.springframework.boot.web.servlet.context.AnnotationConfigServletWebServerApplicationContext(refresh:616) - Exception encountered during context initialization - cancelling refresh attempt: org.springframework.beans.factory.BeanCreationException: Error creating bean with name 'mainController' defined in file [C:\Users\dlfwn\kdigital\springboot\springbootws\mykiosk\bin\main\com\toy\mykiosk\controller\MainController.class]: Failed to instantiate [com.toy.mykiosk.controller.MainController]: Constructor threw exception
2023-08-14 09:31:04,696 [restartedMain] INFO  org.springframework.orm.jpa.LocalContainerEntityManagerFactoryBean(destroy:650) - Closing JPA EntityManagerFactory for persistence unit 'default'
2023-08-14 09:31:04,705 [restartedMain] INFO  org.springframework.boot.autoconfigure.logging.ConditionEvaluationReportLogger(logMessage:82) - 

Error starting ApplicationContext. To display the condition evaluation report re-run your application with 'debug' enabled.
2023-08-14 09:31:04,708 [restartedMain] ERROR org.springframework.boot.SpringApplication(reportFailure:824) - Application run failed
org.springframework.beans.factory.BeanCreationException: Error creating bean with name 'mainController' defined in file [C:\Users\dlfwn\kdigital\springboot\springbootws\mykiosk\bin\main\com\toy\mykiosk\controller\MainController.class]: Failed to instantiate [com.toy.mykiosk.controller.MainController]: Constructor threw exception
	at org.springframework.beans.factory.support.AbstractAutowireCapableBeanFactory.instantiateBean(AbstractAutowireCapableBeanFactory.java:1314) ~[spring-beans-6.0.11.jar:6.0.11]
	at org.springframework.beans.factory.support.AbstractAutowireCapableBeanFactory.createBeanInstance(AbstractAutowireCapableBeanFactory.java:1199) ~[spring-beans-6.0.11.jar:6.0.11]
	at org.springframework.beans.factory.support.AbstractAutowireCapableBeanFactory.doCreateBean(AbstractAutowireCapableBeanFactory.java:560) ~[spring-beans-6.0.11.jar:6.0.11]
	at org.springframework.beans.factory.support.AbstractAutowireCapableBeanFactory.createBean(AbstractAutowireCapableBeanFactory.java:520) ~[spring-beans-6.0.11.jar:6.0.11]
	at org.springframework.beans.factory.support.AbstractBeanFactory.lambda$doGetBean$0(AbstractBeanFactory.java:326) ~[spring-beans-6.0.11.jar:6.0.11]
	at org.springframework.beans.factory.support.DefaultSingletonBeanRegistry.getSingleton(DefaultSingletonBeanRegistry.java:234) ~[spring-beans-6.0.11.jar:6.0.11]
	at org.springframework.beans.factory.support.AbstractBeanFactory.doGetBean(AbstractBeanFactory.java:324) ~[spring-beans-6.0.11.jar:6.0.11]
	at org.springframework.beans.factory.support.AbstractBeanFactory.getBean(AbstractBeanFactory.java:200) ~[spring-beans-6.0.11.jar:6.0.11]
	at org.springframework.beans.factory.support.DefaultListableBeanFactory.preInstantiateSingletons(DefaultListableBeanFactory.java:973) ~[spring-beans-6.0.11.jar:6.0.11]
	at org.springframework.context.support.AbstractApplicationContext.finishBeanFactoryInitialization(AbstractApplicationContext.java:942) ~[spring-context-6.0.11.jar:6.0.11]
	at org.springframework.context.support.AbstractApplicationContext.refresh(AbstractApplicationContext.java:608) ~[spring-context-6.0.11.jar:6.0.11]
	at org.springframework.boot.web.servlet.context.ServletWebServerApplicationContext.refresh(ServletWebServerApplicationContext.java:146) ~[spring-boot-3.1.2.jar:3.1.2]
	at org.springframework.boot.SpringApplication.refresh(SpringApplication.java:734) [spring-boot-3.1.2.jar:3.1.2]
	at org.springframework.boot.SpringApplication.refreshContext(SpringApplication.java:436) [spring-boot-3.1.2.jar:3.1.2]
	at org.springframework.boot.SpringApplication.run(SpringApplication.java:312) [spring-boot-3.1.2.jar:3.1.2]
	at org.springframework.boot.SpringApplication.run(SpringApplication.java:1306) [spring-boot-3.1.2.jar:3.1.2]
	at org.springframework.boot.SpringApplication.run(SpringApplication.java:1295) [spring-boot-3.1.2.jar:3.1.2]
	at com.toy.mykiosk.MykioskApplication.main(MykioskApplication.java:10) [main/:?]
	at jdk.internal.reflect.NativeMethodAccessorImpl.invoke0(Native Method) ~[?:?]
	at jdk.internal.reflect.NativeMethodAccessorImpl.invoke(NativeMethodAccessorImpl.java:77) ~[?:?]
	at jdk.internal.reflect.DelegatingMethodAccessorImpl.invoke(DelegatingMethodAccessorImpl.java:43) ~[?:?]
	at java.lang.reflect.Method.invoke(Method.java:568) ~[?:?]
	at org.springframework.boot.devtools.restart.RestartLauncher.run(RestartLauncher.java:50) [spring-boot-devtools-3.1.2.jar:3.1.2]
Caused by: org.springframework.beans.BeanInstantiationException: Failed to instantiate [com.toy.mykiosk.controller.MainController]: Constructor threw exception
	at org.springframework.beans.BeanUtils.instantiateClass(BeanUtils.java:224) ~[spring-beans-6.0.11.jar:6.0.11]
	at org.springframework.beans.factory.support.SimpleInstantiationStrategy.instantiate(SimpleInstantiationStrategy.java:87) ~[spring-beans-6.0.11.jar:6.0.11]
	at org.springframework.beans.factory.support.AbstractAutowireCapableBeanFactory.instantiateBean(AbstractAutowireCapableBeanFactory.java:1308) ~[spring-beans-6.0.11.jar:6.0.11]
	... 22 more
Caused by: java.lang.Error: Unresolved compilation problems: 
	Syntax error, insert "enum Identifier" to complete EnumHeader
	Syntax error, insert "EnumBody" to complete EnumDeclaration

	at com.toy.mykiosk.controller.MainController.<init>(MainController.java:175) ~[main/:?]
	at jdk.internal.reflect.NativeConstructorAccessorImpl.newInstance0(Native Method) ~[?:?]
	at jdk.internal.reflect.NativeConstructorAccessorImpl.newInstance(NativeConstructorAccessorImpl.java:77) ~[?:?]
	at jdk.internal.reflect.DelegatingConstructorAccessorImpl.newInstance(DelegatingConstructorAccessorImpl.java:45) ~[?:?]
	at java.lang.reflect.Constructor.newInstanceWithCaller(Constructor.java:499) ~[?:?]
	at java.lang.reflect.Constructor.newInstance(Constructor.java:480) ~[?:?]
	at org.springframework.beans.BeanUtils.instantiateClass(BeanUtils.java:198) ~[spring-beans-6.0.11.jar:6.0.11]
	at org.springframework.beans.factory.support.SimpleInstantiationStrategy.instantiate(SimpleInstantiationStrategy.java:87) ~[spring-beans-6.0.11.jar:6.0.11]
	at org.springframework.beans.factory.support.AbstractAutowireCapableBeanFactory.instantiateBean(AbstractAutowireCapableBeanFactory.java:1308) ~[spring-beans-6.0.11.jar:6.0.11]
	... 22 more
2023-08-14 09:32:21,490 [restartedMain] INFO  org.springframework.data.repository.config.RepositoryConfigurationDelegate(registerRepositoriesIn:138) - Bootstrapping Spring Data JPA repositories in DEFAULT mode.
2023-08-14 09:32:21,521 [restartedMain] INFO  org.springframework.data.repository.config.RepositoryConfigurationDelegate(registerRepositoriesIn:208) - Finished Spring Data repository scanning in 29 ms. Found 2 JPA repository interfaces.
2023-08-14 09:32:21,587 [restartedMain] INFO  org.springframework.boot.web.embedded.tomcat.TomcatWebServer(initialize:108) - Tomcat initialized with port(s): 8080 (http)
2023-08-14 09:32:21,615 [restartedMain] INFO  org.springframework.boot.web.servlet.context.ServletWebServerApplicationContext(prepareWebApplicationContext:291) - Root WebApplicationContext: initialization completed in 294 ms
2023-08-14 09:32:21,661 [restartedMain] INFO  org.springframework.orm.jpa.persistenceunit.SpringPersistenceUnitInfo(addTransformer:87) - No LoadTimeWeaver setup: ignoring JPA class transformer
2023-08-14 09:32:21,699 [restartedMain] INFO  org.springframework.orm.jpa.LocalContainerEntityManagerFactoryBean(buildNativeEntityManagerFactory:437) - Initialized JPA EntityManagerFactory for persistence unit 'default'
2023-08-14 09:32:21,778 [restartedMain] WARN  org.springframework.boot.autoconfigure.orm.jpa.JpaBaseConfiguration$JpaWebConfiguration(openEntityManagerInViewInterceptor:231) - spring.jpa.open-in-view is enabled by default. Therefore, database queries may be performed during view rendering. Explicitly configure spring.jpa.open-in-view to disable this warning
2023-08-14 09:32:21,885 [restartedMain] INFO  org.springframework.boot.devtools.autoconfigure.OptionalLiveReloadServer(startServer:59) - LiveReload server is running on port 35729
2023-08-14 09:32:21,899 [restartedMain] INFO  org.springframework.boot.web.embedded.tomcat.TomcatWebServer(start:220) - Tomcat started on port(s): 8080 (http) with context path ''
2023-08-14 09:32:21,906 [restartedMain] INFO  org.springframework.boot.devtools.autoconfigure.ConditionEvaluationDeltaLoggingListener(onApplicationEvent:63) - Condition evaluation unchanged
2023-08-14 09:32:29,631 [http-nio-8080-exec-1] INFO  org.springframework.web.servlet.DispatcherServlet(initServletBean:532) - Initializing Servlet 'dispatcherServlet'
2023-08-14 09:32:29,633 [http-nio-8080-exec-1] INFO  org.springframework.web.servlet.DispatcherServlet(initServletBean:554) - Completed initialization in 1 ms
2023-08-14 09:33:43,731 [File Watcher] INFO  org.springframework.boot.devtools.autoconfigure.LocalDevToolsAutoConfiguration$RestartingClassPathChangeChangedEventListener(onApplicationEvent:211) - Restarting due to 1 class path change (0 additions, 0 deletions, 1 modification)
2023-08-14 09:33:43,755 [Thread-50] INFO  org.springframework.orm.jpa.LocalContainerEntityManagerFactoryBean(destroy:650) - Closing JPA EntityManagerFactory for persistence unit 'default'
2023-08-14 09:33:44,053 [restartedMain] INFO  org.springframework.data.repository.config.RepositoryConfigurationDelegate(registerRepositoriesIn:138) - Bootstrapping Spring Data JPA repositories in DEFAULT mode.
2023-08-14 09:33:44,082 [restartedMain] INFO  org.springframework.data.repository.config.RepositoryConfigurationDelegate(registerRepositoriesIn:208) - Finished Spring Data repository scanning in 29 ms. Found 2 JPA repository interfaces.
2023-08-14 09:33:44,150 [restartedMain] INFO  org.springframework.boot.web.embedded.tomcat.TomcatWebServer(initialize:108) - Tomcat initialized with port(s): 8080 (http)
2023-08-14 09:33:44,184 [restartedMain] INFO  org.springframework.boot.web.servlet.context.ServletWebServerApplicationContext(prepareWebApplicationContext:291) - Root WebApplicationContext: initialization completed in 303 ms
2023-08-14 09:33:44,227 [restartedMain] INFO  org.springframework.orm.jpa.persistenceunit.SpringPersistenceUnitInfo(addTransformer:87) - No LoadTimeWeaver setup: ignoring JPA class transformer
2023-08-14 09:33:44,269 [restartedMain] INFO  org.springframework.orm.jpa.LocalContainerEntityManagerFactoryBean(buildNativeEntityManagerFactory:437) - Initialized JPA EntityManagerFactory for persistence unit 'default'
2023-08-14 09:33:44,343 [restartedMain] WARN  org.springframework.boot.autoconfigure.orm.jpa.JpaBaseConfiguration$JpaWebConfiguration(openEntityManagerInViewInterceptor:231) - spring.jpa.open-in-view is enabled by default. Therefore, database queries may be performed during view rendering. Explicitly configure spring.jpa.open-in-view to disable this warning
2023-08-14 09:33:44,420 [restartedMain] INFO  org.springframework.boot.devtools.autoconfigure.OptionalLiveReloadServer(startServer:59) - LiveReload server is running on port 35729
2023-08-14 09:33:44,433 [restartedMain] INFO  org.springframework.boot.web.embedded.tomcat.TomcatWebServer(start:220) - Tomcat started on port(s): 8080 (http) with context path ''
2023-08-14 09:33:44,439 [restartedMain] INFO  org.springframework.boot.devtools.autoconfigure.ConditionEvaluationDeltaLoggingListener(onApplicationEvent:63) - Condition evaluation unchanged
2023-08-14 09:34:18,978 [File Watcher] INFO  org.springframework.boot.devtools.autoconfigure.LocalDevToolsAutoConfiguration$RestartingClassPathChangeChangedEventListener(onApplicationEvent:211) - Restarting due to 1 class path change (0 additions, 0 deletions, 1 modification)
2023-08-14 09:34:18,998 [Thread-57] INFO  org.springframework.orm.jpa.LocalContainerEntityManagerFactoryBean(destroy:650) - Closing JPA EntityManagerFactory for persistence unit 'default'
2023-08-14 09:34:19,270 [restartedMain] INFO  org.springframework.data.repository.config.RepositoryConfigurationDelegate(registerRepositoriesIn:138) - Bootstrapping Spring Data JPA repositories in DEFAULT mode.
2023-08-14 09:34:19,300 [restartedMain] INFO  org.springframework.data.repository.config.RepositoryConfigurationDelegate(registerRepositoriesIn:208) - Finished Spring Data repository scanning in 29 ms. Found 2 JPA repository interfaces.
2023-08-14 09:34:19,377 [restartedMain] INFO  org.springframework.boot.web.embedded.tomcat.TomcatWebServer(initialize:108) - Tomcat initialized with port(s): 8080 (http)
2023-08-14 09:34:19,406 [restartedMain] INFO  org.springframework.boot.web.servlet.context.ServletWebServerApplicationContext(prepareWebApplicationContext:291) - Root WebApplicationContext: initialization completed in 297 ms
2023-08-14 09:34:19,446 [restartedMain] INFO  org.springframework.orm.jpa.persistenceunit.SpringPersistenceUnitInfo(addTransformer:87) - No LoadTimeWeaver setup: ignoring JPA class transformer
2023-08-14 09:34:19,490 [restartedMain] INFO  org.springframework.orm.jpa.LocalContainerEntityManagerFactoryBean(buildNativeEntityManagerFactory:437) - Initialized JPA EntityManagerFactory for persistence unit 'default'
2023-08-14 09:34:19,558 [restartedMain] WARN  org.springframework.boot.autoconfigure.orm.jpa.JpaBaseConfiguration$JpaWebConfiguration(openEntityManagerInViewInterceptor:231) - spring.jpa.open-in-view is enabled by default. Therefore, database queries may be performed during view rendering. Explicitly configure spring.jpa.open-in-view to disable this warning
2023-08-14 09:34:19,639 [restartedMain] INFO  org.springframework.boot.devtools.autoconfigure.OptionalLiveReloadServer(startServer:59) - LiveReload server is running on port 35729
2023-08-14 09:34:19,652 [restartedMain] INFO  org.springframework.boot.web.embedded.tomcat.TomcatWebServer(start:220) - Tomcat started on port(s): 8080 (http) with context path ''
2023-08-14 09:34:19,659 [restartedMain] INFO  org.springframework.boot.devtools.autoconfigure.ConditionEvaluationDeltaLoggingListener(onApplicationEvent:63) - Condition evaluation unchanged
2023-08-14 09:36:21,707 [File Watcher] INFO  org.springframework.boot.devtools.autoconfigure.LocalDevToolsAutoConfiguration$RestartingClassPathChangeChangedEventListener(onApplicationEvent:211) - Restarting due to 1 class path change (0 additions, 0 deletions, 1 modification)
2023-08-14 09:36:21,733 [Thread-61] INFO  org.springframework.orm.jpa.LocalContainerEntityManagerFactoryBean(destroy:650) - Closing JPA EntityManagerFactory for persistence unit 'default'
2023-08-14 09:36:22,010 [restartedMain] INFO  org.springframework.data.repository.config.RepositoryConfigurationDelegate(registerRepositoriesIn:138) - Bootstrapping Spring Data JPA repositories in DEFAULT mode.
2023-08-14 09:36:22,039 [restartedMain] INFO  org.springframework.data.repository.config.RepositoryConfigurationDelegate(registerRepositoriesIn:208) - Finished Spring Data repository scanning in 28 ms. Found 2 JPA repository interfaces.
2023-08-14 09:36:22,112 [restartedMain] INFO  org.springframework.boot.web.embedded.tomcat.TomcatWebServer(initialize:108) - Tomcat initialized with port(s): 8080 (http)
2023-08-14 09:36:22,142 [restartedMain] INFO  org.springframework.boot.web.servlet.context.ServletWebServerApplicationContext(prepareWebApplicationContext:291) - Root WebApplicationContext: initialization completed in 295 ms
2023-08-14 09:36:22,182 [restartedMain] INFO  org.springframework.orm.jpa.persistenceunit.SpringPersistenceUnitInfo(addTransformer:87) - No LoadTimeWeaver setup: ignoring JPA class transformer
2023-08-14 09:36:22,220 [restartedMain] INFO  org.springframework.orm.jpa.LocalContainerEntityManagerFactoryBean(buildNativeEntityManagerFactory:437) - Initialized JPA EntityManagerFactory for persistence unit 'default'
2023-08-14 09:36:22,288 [restartedMain] WARN  org.springframework.boot.autoconfigure.orm.jpa.JpaBaseConfiguration$JpaWebConfiguration(openEntityManagerInViewInterceptor:231) - spring.jpa.open-in-view is enabled by default. Therefore, database queries may be performed during view rendering. Explicitly configure spring.jpa.open-in-view to disable this warning
2023-08-14 09:36:22,373 [restartedMain] INFO  org.springframework.boot.devtools.autoconfigure.OptionalLiveReloadServer(startServer:59) - LiveReload server is running on port 35729
2023-08-14 09:36:22,382 [restartedMain] INFO  org.springframework.boot.web.embedded.tomcat.TomcatWebServer(start:220) - Tomcat started on port(s): 8080 (http) with context path ''
2023-08-14 09:36:22,397 [restartedMain] INFO  org.springframework.boot.devtools.autoconfigure.ConditionEvaluationDeltaLoggingListener(onApplicationEvent:63) - Condition evaluation unchanged
2023-08-14 09:36:50,705 [File Watcher] INFO  org.springframework.boot.devtools.autoconfigure.LocalDevToolsAutoConfiguration$RestartingClassPathChangeChangedEventListener(onApplicationEvent:211) - Restarting due to 1 class path change (0 additions, 0 deletions, 1 modification)
2023-08-14 09:36:50,734 [Thread-65] INFO  org.springframework.orm.jpa.LocalContainerEntityManagerFactoryBean(destroy:650) - Closing JPA EntityManagerFactory for persistence unit 'default'
2023-08-14 09:36:51,252 [restartedMain] INFO  org.springframework.data.repository.config.RepositoryConfigurationDelegate(registerRepositoriesIn:138) - Bootstrapping Spring Data JPA repositories in DEFAULT mode.
2023-08-14 09:36:51,290 [restartedMain] INFO  org.springframework.data.repository.config.RepositoryConfigurationDelegate(registerRepositoriesIn:208) - Finished Spring Data repository scanning in 38 ms. Found 2 JPA repository interfaces.
2023-08-14 09:36:51,391 [restartedMain] INFO  org.springframework.boot.web.embedded.tomcat.TomcatWebServer(initialize:108) - Tomcat initialized with port(s): 8080 (http)
2023-08-14 09:36:51,427 [restartedMain] INFO  org.springframework.boot.web.servlet.context.ServletWebServerApplicationContext(prepareWebApplicationContext:291) - Root WebApplicationContext: initialization completed in 500 ms
2023-08-14 09:36:51,475 [restartedMain] INFO  org.springframework.orm.jpa.persistenceunit.SpringPersistenceUnitInfo(addTransformer:87) - No LoadTimeWeaver setup: ignoring JPA class transformer
2023-08-14 09:36:51,529 [restartedMain] INFO  org.springframework.orm.jpa.LocalContainerEntityManagerFactoryBean(buildNativeEntityManagerFactory:437) - Initialized JPA EntityManagerFactory for persistence unit 'default'
2023-08-14 09:36:51,624 [restartedMain] WARN  org.springframework.boot.autoconfigure.orm.jpa.JpaBaseConfiguration$JpaWebConfiguration(openEntityManagerInViewInterceptor:231) - spring.jpa.open-in-view is enabled by default. Therefore, database queries may be performed during view rendering. Explicitly configure spring.jpa.open-in-view to disable this warning
2023-08-14 09:36:51,737 [restartedMain] INFO  org.springframework.boot.devtools.autoconfigure.OptionalLiveReloadServer(startServer:59) - LiveReload server is running on port 35729
2023-08-14 09:36:51,750 [restartedMain] INFO  org.springframework.boot.web.embedded.tomcat.TomcatWebServer(start:220) - Tomcat started on port(s): 8080 (http) with context path ''
2023-08-14 09:36:51,756 [restartedMain] INFO  org.springframework.boot.devtools.autoconfigure.ConditionEvaluationDeltaLoggingListener(onApplicationEvent:63) - Condition evaluation unchanged
2023-08-14 09:36:57,542 [File Watcher] INFO  org.springframework.boot.devtools.autoconfigure.LocalDevToolsAutoConfiguration$RestartingClassPathChangeChangedEventListener(onApplicationEvent:211) - Restarting due to 1 class path change (0 additions, 0 deletions, 1 modification)
2023-08-14 09:36:57,567 [Thread-69] INFO  org.springframework.orm.jpa.LocalContainerEntityManagerFactoryBean(destroy:650) - Closing JPA EntityManagerFactory for persistence unit 'default'
2023-08-14 09:36:57,853 [restartedMain] INFO  org.springframework.data.repository.config.RepositoryConfigurationDelegate(registerRepositoriesIn:138) - Bootstrapping Spring Data JPA repositories in DEFAULT mode.
2023-08-14 09:36:57,881 [restartedMain] INFO  org.springframework.data.repository.config.RepositoryConfigurationDelegate(registerRepositoriesIn:208) - Finished Spring Data repository scanning in 28 ms. Found 2 JPA repository interfaces.
2023-08-14 09:36:57,950 [restartedMain] INFO  org.springframework.boot.web.embedded.tomcat.TomcatWebServer(initialize:108) - Tomcat initialized with port(s): 8080 (http)
2023-08-14 09:36:57,976 [restartedMain] INFO  org.springframework.boot.web.servlet.context.ServletWebServerApplicationContext(prepareWebApplicationContext:291) - Root WebApplicationContext: initialization completed in 293 ms
2023-08-14 09:36:58,020 [restartedMain] INFO  org.springframework.orm.jpa.persistenceunit.SpringPersistenceUnitInfo(addTransformer:87) - No LoadTimeWeaver setup: ignoring JPA class transformer
2023-08-14 09:36:58,060 [restartedMain] INFO  org.springframework.orm.jpa.LocalContainerEntityManagerFactoryBean(buildNativeEntityManagerFactory:437) - Initialized JPA EntityManagerFactory for persistence unit 'default'
2023-08-14 09:36:58,136 [restartedMain] WARN  org.springframework.boot.autoconfigure.orm.jpa.JpaBaseConfiguration$JpaWebConfiguration(openEntityManagerInViewInterceptor:231) - spring.jpa.open-in-view is enabled by default. Therefore, database queries may be performed during view rendering. Explicitly configure spring.jpa.open-in-view to disable this warning
2023-08-14 09:36:58,218 [restartedMain] INFO  org.springframework.boot.devtools.autoconfigure.OptionalLiveReloadServer(startServer:59) - LiveReload server is running on port 35729
2023-08-14 09:36:58,228 [restartedMain] INFO  org.springframework.boot.web.embedded.tomcat.TomcatWebServer(start:220) - Tomcat started on port(s): 8080 (http) with context path ''
2023-08-14 09:36:58,236 [restartedMain] INFO  org.springframework.boot.devtools.autoconfigure.ConditionEvaluationDeltaLoggingListener(onApplicationEvent:63) - Condition evaluation unchanged
2023-08-14 09:37:08,917 [http-nio-8080-exec-1] INFO  org.springframework.web.servlet.DispatcherServlet(initServletBean:532) - Initializing Servlet 'dispatcherServlet'
2023-08-14 09:37:08,921 [http-nio-8080-exec-1] INFO  org.springframework.web.servlet.DispatcherServlet(initServletBean:554) - Completed initialization in 3 ms
2023-08-14 09:38:51,409 [File Watcher] INFO  org.springframework.boot.devtools.autoconfigure.LocalDevToolsAutoConfiguration$RestartingClassPathChangeChangedEventListener(onApplicationEvent:211) - Restarting due to 1 class path change (0 additions, 0 deletions, 1 modification)
2023-08-14 09:38:51,437 [Thread-73] INFO  org.springframework.orm.jpa.LocalContainerEntityManagerFactoryBean(destroy:650) - Closing JPA EntityManagerFactory for persistence unit 'default'
2023-08-14 09:38:51,776 [restartedMain] INFO  org.springframework.data.repository.config.RepositoryConfigurationDelegate(registerRepositoriesIn:138) - Bootstrapping Spring Data JPA repositories in DEFAULT mode.
2023-08-14 09:38:51,805 [restartedMain] INFO  org.springframework.data.repository.config.RepositoryConfigurationDelegate(registerRepositoriesIn:208) - Finished Spring Data repository scanning in 29 ms. Found 2 JPA repository interfaces.
2023-08-14 09:38:51,878 [restartedMain] INFO  org.springframework.boot.web.embedded.tomcat.TomcatWebServer(initialize:108) - Tomcat initialized with port(s): 8080 (http)
2023-08-14 09:38:51,915 [restartedMain] INFO  org.springframework.boot.web.servlet.context.ServletWebServerApplicationContext(prepareWebApplicationContext:291) - Root WebApplicationContext: initialization completed in 357 ms
2023-08-14 09:38:51,958 [restartedMain] INFO  org.springframework.orm.jpa.persistenceunit.SpringPersistenceUnitInfo(addTransformer:87) - No LoadTimeWeaver setup: ignoring JPA class transformer
2023-08-14 09:38:52,000 [restartedMain] INFO  org.springframework.orm.jpa.LocalContainerEntityManagerFactoryBean(buildNativeEntityManagerFactory:437) - Initialized JPA EntityManagerFactory for persistence unit 'default'
2023-08-14 09:38:52,075 [restartedMain] WARN  org.springframework.boot.autoconfigure.orm.jpa.JpaBaseConfiguration$JpaWebConfiguration(openEntityManagerInViewInterceptor:231) - spring.jpa.open-in-view is enabled by default. Therefore, database queries may be performed during view rendering. Explicitly configure spring.jpa.open-in-view to disable this warning
2023-08-14 09:38:52,166 [restartedMain] INFO  org.springframework.boot.devtools.autoconfigure.OptionalLiveReloadServer(startServer:59) - LiveReload server is running on port 35729
2023-08-14 09:38:52,176 [restartedMain] INFO  org.springframework.boot.web.embedded.tomcat.TomcatWebServer(start:220) - Tomcat started on port(s): 8080 (http) with context path ''
2023-08-14 09:38:52,182 [restartedMain] INFO  org.springframework.boot.devtools.autoconfigure.ConditionEvaluationDeltaLoggingListener(onApplicationEvent:63) - Condition evaluation unchanged
2023-08-14 09:38:52,373 [http-nio-8080-exec-1] INFO  org.springframework.web.servlet.DispatcherServlet(initServletBean:532) - Initializing Servlet 'dispatcherServlet'
2023-08-14 09:38:52,375 [http-nio-8080-exec-1] INFO  org.springframework.web.servlet.DispatcherServlet(initServletBean:554) - Completed initialization in 1 ms
