2023-08-08 16:45:19,977 [restartedMain] INFO  org.springframework.boot.devtools.env.DevToolsPropertyDefaultsPostProcessor(logTo:250) - Devtools property defaults active! Set 'spring.devtools.add-properties' to 'false' to disable
2023-08-08 16:45:19,998 [restartedMain] INFO  org.springframework.boot.devtools.env.DevToolsPropertyDefaultsPostProcessor(logTo:250) - For additional web related logging consider setting the 'logging.level.web' property to 'DEBUG'
2023-08-08 16:45:21,263 [restartedMain] INFO  org.springframework.data.repository.config.RepositoryConfigurationDelegate(registerRepositoriesIn:138) - Bootstrapping Spring Data JPA repositories in DEFAULT mode.
2023-08-08 16:45:21,420 [restartedMain] INFO  org.springframework.data.repository.config.RepositoryConfigurationDelegate(registerRepositoriesIn:208) - Finished Spring Data repository scanning in 140 ms. Found 1 JPA repository interfaces.
2023-08-08 16:45:22,852 [restartedMain] INFO  org.springframework.boot.web.embedded.tomcat.TomcatWebServer(initialize:108) - Tomcat initialized with port(s): 8080 (http)
2023-08-08 16:45:23,009 [restartedMain] INFO  org.springframework.boot.web.servlet.context.ServletWebServerApplicationContext(prepareWebApplicationContext:291) - Root WebApplicationContext: initialization completed in 3007 ms
2023-08-08 16:45:24,507 [restartedMain] INFO  org.springframework.orm.jpa.persistenceunit.SpringPersistenceUnitInfo(addTransformer:87) - No LoadTimeWeaver setup: ignoring JPA class transformer
2023-08-08 16:45:27,430 [restartedMain] INFO  org.springframework.orm.jpa.LocalContainerEntityManagerFactoryBean(buildNativeEntityManagerFactory:437) - Initialized JPA EntityManagerFactory for persistence unit 'default'
2023-08-08 16:45:28,020 [restartedMain] WARN  org.springframework.boot.autoconfigure.orm.jpa.JpaBaseConfiguration$JpaWebConfiguration(openEntityManagerInViewInterceptor:231) - spring.jpa.open-in-view is enabled by default. Therefore, database queries may be performed during view rendering. Explicitly configure spring.jpa.open-in-view to disable this warning
2023-08-08 16:45:28,780 [restartedMain] INFO  org.springframework.boot.devtools.autoconfigure.OptionalLiveReloadServer(startServer:59) - LiveReload server is running on port 35729
2023-08-08 16:45:28,902 [restartedMain] INFO  org.springframework.boot.web.embedded.tomcat.TomcatWebServer(start:220) - Tomcat started on port(s): 8080 (http) with context path ''
2023-08-08 16:46:08,576 [RMI TCP Connection(8)-127.0.0.1] INFO  org.springframework.boot.admin.SpringApplicationAdminMXBeanRegistrar$SpringApplicationAdmin(shutdown:159) - Application shutdown requested.
2023-08-08 16:46:08,660 [RMI TCP Connection(8)-127.0.0.1] INFO  org.springframework.orm.jpa.LocalContainerEntityManagerFactoryBean(destroy:650) - Closing JPA EntityManagerFactory for persistence unit 'default'
2023-08-08 16:46:13,627 [restartedMain] INFO  org.springframework.boot.devtools.env.DevToolsPropertyDefaultsPostProcessor(logTo:250) - Devtools property defaults active! Set 'spring.devtools.add-properties' to 'false' to disable
2023-08-08 16:46:13,632 [restartedMain] INFO  org.springframework.boot.devtools.env.DevToolsPropertyDefaultsPostProcessor(logTo:250) - For additional web related logging consider setting the 'logging.level.web' property to 'DEBUG'
2023-08-08 16:46:15,128 [restartedMain] INFO  org.springframework.data.repository.config.RepositoryConfigurationDelegate(registerRepositoriesIn:138) - Bootstrapping Spring Data JPA repositories in DEFAULT mode.
2023-08-08 16:46:15,294 [restartedMain] INFO  org.springframework.data.repository.config.RepositoryConfigurationDelegate(registerRepositoriesIn:208) - Finished Spring Data repository scanning in 149 ms. Found 1 JPA repository interfaces.
2023-08-08 16:46:16,668 [restartedMain] INFO  org.springframework.boot.web.embedded.tomcat.TomcatWebServer(initialize:108) - Tomcat initialized with port(s): 8080 (http)
2023-08-08 16:46:16,836 [restartedMain] INFO  org.springframework.boot.web.servlet.context.ServletWebServerApplicationContext(prepareWebApplicationContext:291) - Root WebApplicationContext: initialization completed in 3202 ms
2023-08-08 16:46:18,025 [restartedMain] INFO  org.springframework.orm.jpa.persistenceunit.SpringPersistenceUnitInfo(addTransformer:87) - No LoadTimeWeaver setup: ignoring JPA class transformer
2023-08-08 16:46:20,611 [restartedMain] INFO  org.springframework.orm.jpa.LocalContainerEntityManagerFactoryBean(buildNativeEntityManagerFactory:437) - Initialized JPA EntityManagerFactory for persistence unit 'default'
2023-08-08 16:46:21,110 [restartedMain] WARN  org.springframework.boot.autoconfigure.orm.jpa.JpaBaseConfiguration$JpaWebConfiguration(openEntityManagerInViewInterceptor:231) - spring.jpa.open-in-view is enabled by default. Therefore, database queries may be performed during view rendering. Explicitly configure spring.jpa.open-in-view to disable this warning
2023-08-08 16:46:21,828 [restartedMain] INFO  org.springframework.boot.devtools.autoconfigure.OptionalLiveReloadServer(startServer:59) - LiveReload server is running on port 35729
2023-08-08 16:46:21,912 [restartedMain] INFO  org.springframework.boot.web.embedded.tomcat.TomcatWebServer(start:220) - Tomcat started on port(s): 8080 (http) with context path ''
2023-08-08 16:46:32,618 [http-nio-8080-exec-1] INFO  org.springframework.web.servlet.DispatcherServlet(initServletBean:532) - Initializing Servlet 'dispatcherServlet'
2023-08-08 16:46:32,621 [http-nio-8080-exec-1] INFO  org.springframework.web.servlet.DispatcherServlet(initServletBean:554) - Completed initialization in 3 ms
2023-08-08 16:47:23,484 [File Watcher] INFO  org.springframework.boot.devtools.autoconfigure.LocalDevToolsAutoConfiguration$RestartingClassPathChangeChangedEventListener(onApplicationEvent:211) - Restarting due to 1 class path change (0 additions, 0 deletions, 1 modification)
2023-08-08 16:47:23,561 [Thread-5] INFO  org.springframework.orm.jpa.LocalContainerEntityManagerFactoryBean(destroy:650) - Closing JPA EntityManagerFactory for persistence unit 'default'
2023-08-08 16:47:24,191 [restartedMain] INFO  org.springframework.data.repository.config.RepositoryConfigurationDelegate(registerRepositoriesIn:138) - Bootstrapping Spring Data JPA repositories in DEFAULT mode.
2023-08-08 16:47:24,234 [restartedMain] INFO  org.springframework.data.repository.config.RepositoryConfigurationDelegate(registerRepositoriesIn:208) - Finished Spring Data repository scanning in 43 ms. Found 1 JPA repository interfaces.
2023-08-08 16:47:24,536 [restartedMain] INFO  org.springframework.boot.web.embedded.tomcat.TomcatWebServer(initialize:108) - Tomcat initialized with port(s): 8080 (http)
2023-08-08 16:47:24,663 [restartedMain] INFO  org.springframework.boot.web.servlet.context.ServletWebServerApplicationContext(prepareWebApplicationContext:291) - Root WebApplicationContext: initialization completed in 849 ms
2023-08-08 16:47:24,867 [restartedMain] INFO  org.springframework.orm.jpa.persistenceunit.SpringPersistenceUnitInfo(addTransformer:87) - No LoadTimeWeaver setup: ignoring JPA class transformer
2023-08-08 16:47:25,062 [restartedMain] INFO  org.springframework.orm.jpa.LocalContainerEntityManagerFactoryBean(buildNativeEntityManagerFactory:437) - Initialized JPA EntityManagerFactory for persistence unit 'default'
2023-08-08 16:47:25,238 [restartedMain] WARN  org.springframework.boot.autoconfigure.orm.jpa.JpaBaseConfiguration$JpaWebConfiguration(openEntityManagerInViewInterceptor:231) - spring.jpa.open-in-view is enabled by default. Therefore, database queries may be performed during view rendering. Explicitly configure spring.jpa.open-in-view to disable this warning
2023-08-08 16:47:25,503 [restartedMain] INFO  org.springframework.boot.devtools.autoconfigure.OptionalLiveReloadServer(startServer:59) - LiveReload server is running on port 35729
2023-08-08 16:47:25,533 [restartedMain] INFO  org.springframework.boot.web.embedded.tomcat.TomcatWebServer(start:220) - Tomcat started on port(s): 8080 (http) with context path ''
2023-08-08 16:47:25,558 [restartedMain] INFO  org.springframework.boot.devtools.autoconfigure.ConditionEvaluationDeltaLoggingListener(onApplicationEvent:63) - Condition evaluation unchanged
2023-08-08 16:47:28,030 [http-nio-8080-exec-1] INFO  org.springframework.web.servlet.DispatcherServlet(initServletBean:532) - Initializing Servlet 'dispatcherServlet'
2023-08-08 16:47:28,033 [http-nio-8080-exec-1] INFO  org.springframework.web.servlet.DispatcherServlet(initServletBean:554) - Completed initialization in 2 ms
2023-08-08 16:49:52,195 [RMI TCP Connection(15)-127.0.0.1] INFO  org.springframework.boot.admin.SpringApplicationAdminMXBeanRegistrar$SpringApplicationAdmin(shutdown:159) - Application shutdown requested.
2023-08-08 16:49:52,242 [RMI TCP Connection(15)-127.0.0.1] INFO  org.springframework.orm.jpa.LocalContainerEntityManagerFactoryBean(destroy:650) - Closing JPA EntityManagerFactory for persistence unit 'default'
2023-08-08 16:49:58,537 [restartedMain] INFO  org.springframework.boot.devtools.env.DevToolsPropertyDefaultsPostProcessor(logTo:250) - Devtools property defaults active! Set 'spring.devtools.add-properties' to 'false' to disable
2023-08-08 16:49:58,544 [restartedMain] INFO  org.springframework.boot.devtools.env.DevToolsPropertyDefaultsPostProcessor(logTo:250) - For additional web related logging consider setting the 'logging.level.web' property to 'DEBUG'
2023-08-08 16:50:00,298 [restartedMain] INFO  org.springframework.data.repository.config.RepositoryConfigurationDelegate(registerRepositoriesIn:138) - Bootstrapping Spring Data JPA repositories in DEFAULT mode.
2023-08-08 16:50:00,440 [restartedMain] INFO  org.springframework.data.repository.config.RepositoryConfigurationDelegate(registerRepositoriesIn:208) - Finished Spring Data repository scanning in 129 ms. Found 1 JPA repository interfaces.
2023-08-08 16:50:01,721 [restartedMain] INFO  org.springframework.boot.web.embedded.tomcat.TomcatWebServer(initialize:108) - Tomcat initialized with port(s): 8080 (http)
2023-08-08 16:50:01,883 [restartedMain] INFO  org.springframework.boot.web.servlet.context.ServletWebServerApplicationContext(prepareWebApplicationContext:291) - Root WebApplicationContext: initialization completed in 3336 ms
2023-08-08 16:50:02,911 [restartedMain] INFO  org.springframework.orm.jpa.persistenceunit.SpringPersistenceUnitInfo(addTransformer:87) - No LoadTimeWeaver setup: ignoring JPA class transformer
2023-08-08 16:50:05,598 [restartedMain] INFO  org.springframework.orm.jpa.LocalContainerEntityManagerFactoryBean(buildNativeEntityManagerFactory:437) - Initialized JPA EntityManagerFactory for persistence unit 'default'
2023-08-08 16:50:06,168 [restartedMain] WARN  org.springframework.boot.autoconfigure.orm.jpa.JpaBaseConfiguration$JpaWebConfiguration(openEntityManagerInViewInterceptor:231) - spring.jpa.open-in-view is enabled by default. Therefore, database queries may be performed during view rendering. Explicitly configure spring.jpa.open-in-view to disable this warning
2023-08-08 16:50:06,999 [restartedMain] INFO  org.springframework.boot.devtools.autoconfigure.OptionalLiveReloadServer(startServer:59) - LiveReload server is running on port 35729
2023-08-08 16:50:07,095 [restartedMain] INFO  org.springframework.boot.web.embedded.tomcat.TomcatWebServer(start:220) - Tomcat started on port(s): 8080 (http) with context path ''
2023-08-08 16:50:17,164 [http-nio-8080-exec-1] INFO  org.springframework.web.servlet.DispatcherServlet(initServletBean:532) - Initializing Servlet 'dispatcherServlet'
2023-08-08 16:50:17,167 [http-nio-8080-exec-1] INFO  org.springframework.web.servlet.DispatcherServlet(initServletBean:554) - Completed initialization in 3 ms
